<?xml version="1.0" encoding="UTF-8"?>
<robot generator="Robot 6.0.2 (Python 3.9.6 on darwin)" generated="20230204 18:56:10.022" rpa="false" schemaversion="3">
<suite id="s1" name="Plano" source="/Users/cleberaguiar/Projetos/MeuVivoApp/tests/Plano.robot">
<kw name="Iniciando Aplicativo Vivo" library="hooks" type="SETUP">
<kw name="Open Application" library="AppiumLibrary">
<arg>http://0.0.0.0:4723/wd/hub</arg>
<arg>automationName=XCUITest</arg>
<arg>platformName=iOS</arg>
<arg>platformVersion=16.2</arg>
<arg>deviceName=iPhone 11</arg>
<arg>udid=00008030-000449483ED1402E</arg>
<arg>bundleId=br.com.vivo.meuvivo</arg>
<doc>Opens a new application to given Appium server.
Capabilities of appium server, Android and iOS,
Please check https://github.com/appium/appium/blob/master/docs/en/writing-running-appium/server-args.md
| *Option*            | *Man.* | *Description*     |
| remote_url          | Yes    | Appium server url |
| alias               | no     | alias             |
| strict_ssl          | No     | allows you to send commands to an invalid certificate host like a self-signed one. |</doc>
<status status="PASS" starttime="20230204 18:56:10.452" endtime="20230204 18:56:16.001"/>
</kw>
<status status="PASS" starttime="20230204 18:56:10.451" endtime="20230204 18:56:16.001"/>
</kw>
<test id="s1-t1" name="CN0001 - Visualizar Detalhes Do plano" line="8">
<kw name="DADO que o usuario esteja na tela do meu plano" library="kws">
<kw name="Verificando pagina de ofertas" library="HomePage">
<kw name="Wait Until Element Is Visible" library="AppiumLibrary">
<arg>${Element_Ofertas}</arg>
<arg>20</arg>
<doc>Waits until element specified with `locator` is visible.</doc>
<msg timestamp="20230204 18:56:19.136" level="INFO">xpath criteria: //XCUIElementTypeNavigationBar[@name="Ofertas"]
xpath criteria: //XCUIElementTypeNavigationBar[@name="Ofertas"]
xpath criteria: //XCUIElementTypeNavigationBar[@name="Ofertas"]</msg>
<status status="PASS" starttime="20230204 18:56:16.005" endtime="20230204 18:56:19.136"/>
</kw>
<status status="PASS" starttime="20230204 18:56:16.004" endtime="20230204 18:56:19.136"/>
</kw>
<kw name="Clicando no botao meu plano" library="BarrasDeNavegacao">
<kw name="Click Element" library="AppiumLibrary">
<arg>${button_MeuPlano}</arg>
<doc>Click element identified by `locator`.</doc>
<msg timestamp="20230204 18:56:19.142" level="INFO">Clicking element 'accessibility_id=account_tabbar_button'.</msg>
<status status="PASS" starttime="20230204 18:56:19.137" endtime="20230204 18:56:19.940"/>
</kw>
<status status="PASS" starttime="20230204 18:56:19.137" endtime="20230204 18:56:19.941"/>
</kw>
<status status="PASS" starttime="20230204 18:56:16.003" endtime="20230204 18:56:19.942"/>
</kw>
<kw name="QUANDO clicar em detalhe do plano" library="kws">
<kw name="Clicando no botao detalhe do plano" library="MeuPlanoPage">
<kw name="Click Element" library="AppiumLibrary">
<arg>${Button_DetalheDoPlano}</arg>
<doc>Click element identified by `locator`.</doc>
<msg timestamp="20230204 18:56:19.950" level="INFO">Clicking element 'xpath=(//XCUIElementTypeLink[@name="Detalhe do plano"])[1]'.</msg>
<msg timestamp="20230204 18:56:21.420" level="INFO">xpath criteria: (//XCUIElementTypeLink[@name="Detalhe do plano"])[1]</msg>
<status status="PASS" starttime="20230204 18:56:19.944" endtime="20230204 18:56:21.421"/>
</kw>
<status status="PASS" starttime="20230204 18:56:19.943" endtime="20230204 18:56:21.421"/>
</kw>
<status status="PASS" starttime="20230204 18:56:19.942" endtime="20230204 18:56:21.423"/>
</kw>
<kw name="ENTAO os detalhes do plano aparecem em tela" library="kws">
<kw name="Verificando tela de detalhe do plano" library="DetalhedoplanoPage">
<kw name="Wait Until Element Is Visible" library="AppiumLibrary">
<arg>${Element_MeuPlano}</arg>
<arg>10</arg>
<doc>Waits until element specified with `locator` is visible.</doc>
<msg timestamp="20230204 18:56:26.945" level="INFO">xpath criteria: //XCUIElementTypeStaticText[@name="Franquias e tarifas"]
xpath criteria: //XCUIElementTypeStaticText[@name="Franquias e tarifas"]
xpath criteria: //XCUIElementTypeStaticText[@name="Franquias e tarifas"]
xpath criteria: //XCUIElementTypeStaticText[@name="Franquias e tarifas"]
xpath criteria: //XCUIElementTypeStaticText[@name="Franquias e tarifas"]
xpath criteria: //XCUIElementTypeStaticText[@name="Franquias e tarifas"]
xpath criteria: //XCUIElementTypeStaticText[@name="Franquias e tarifas"]
xpath criteria: //XCUIElementTypeStaticText[@name="Franquias e tarifas"]
xpath criteria: //XCUIElementTypeStaticText[@name="Franquias e tarifas"]</msg>
<status status="PASS" starttime="20230204 18:56:21.429" endtime="20230204 18:56:26.945"/>
</kw>
<status status="PASS" starttime="20230204 18:56:21.428" endtime="20230204 18:56:26.946"/>
</kw>
<kw name="Voltando para tela anterior" library="DetalhedoplanoPage">
<kw name="Click Element" library="AppiumLibrary">
<arg>${button_Voltar}</arg>
<doc>Click element identified by `locator`.</doc>
<msg timestamp="20230204 18:56:26.952" level="INFO">Clicking element 'accessibility_id=Voltar'.</msg>
<status status="PASS" starttime="20230204 18:56:26.947" endtime="20230204 18:56:28.053"/>
</kw>
<status status="PASS" starttime="20230204 18:56:26.946" endtime="20230204 18:56:28.053"/>
</kw>
<kw name="clicando no botao de ofertas" library="BarrasDeNavegacao">
<kw name="Click Element" library="AppiumLibrary">
<arg>${button_Ofertas}</arg>
<doc>Click element identified by `locator`.</doc>
<msg timestamp="20230204 18:56:28.062" level="INFO">Clicking element 'accessibility_id=explore_tabbar_button'.</msg>
<status status="PASS" starttime="20230204 18:56:28.055" endtime="20230204 18:56:28.905"/>
</kw>
<status status="PASS" starttime="20230204 18:56:28.054" endtime="20230204 18:56:28.906"/>
</kw>
<status status="PASS" starttime="20230204 18:56:21.426" endtime="20230204 18:56:28.906"/>
</kw>
<status status="PASS" starttime="20230204 18:56:16.002" endtime="20230204 18:56:28.907"/>
</test>
<test id="s1-t2" name="CN0002 - Verificar Serviços Digitais (SVA)" line="12">
<kw name="DADO que o usuario esteja na tela do meu plano" library="kws">
<kw name="Verificando pagina de ofertas" library="HomePage">
<kw name="Wait Until Element Is Visible" library="AppiumLibrary">
<arg>${Element_Ofertas}</arg>
<arg>20</arg>
<doc>Waits until element specified with `locator` is visible.</doc>
<msg timestamp="20230204 18:56:29.640" level="INFO">xpath criteria: //XCUIElementTypeNavigationBar[@name="Ofertas"]</msg>
<status status="PASS" starttime="20230204 18:56:28.913" endtime="20230204 18:56:29.640"/>
</kw>
<status status="PASS" starttime="20230204 18:56:28.910" endtime="20230204 18:56:29.640"/>
</kw>
<kw name="Clicando no botao meu plano" library="BarrasDeNavegacao">
<kw name="Click Element" library="AppiumLibrary">
<arg>${button_MeuPlano}</arg>
<doc>Click element identified by `locator`.</doc>
<msg timestamp="20230204 18:56:29.645" level="INFO">Clicking element 'accessibility_id=account_tabbar_button'.</msg>
<status status="PASS" starttime="20230204 18:56:29.641" endtime="20230204 18:56:30.518"/>
</kw>
<status status="PASS" starttime="20230204 18:56:29.641" endtime="20230204 18:56:30.519"/>
</kw>
<status status="PASS" starttime="20230204 18:56:28.910" endtime="20230204 18:56:30.519"/>
</kw>
<kw name="QUANDO clicar em serviços digitais" library="kws">
<kw name="Verificando tela meu plano" library="MeuPlanoPage">
<kw name="Wait Until Element Is Visible" library="AppiumLibrary">
<arg>${Button_DetalheDoPlano}</arg>
<arg>20</arg>
<doc>Waits until element specified with `locator` is visible.</doc>
<msg timestamp="20230204 18:56:31.174" level="INFO">xpath criteria: (//XCUIElementTypeLink[@name="Detalhe do plano"])[1]</msg>
<status status="PASS" starttime="20230204 18:56:30.522" endtime="20230204 18:56:31.175"/>
</kw>
<status status="PASS" starttime="20230204 18:56:30.521" endtime="20230204 18:56:31.175"/>
</kw>
<kw name="Clicando no botao serviços digitais" library="MeuPlanoPage">
<kw name="Click Element" library="AppiumLibrary">
<arg>${Button_ServicosDigitais}</arg>
<doc>Click element identified by `locator`.</doc>
<msg timestamp="20230204 18:56:31.186" level="INFO">Clicking element 'xpath=(//XCUIElementTypeLink[@name="Serviços digitais"])[1]'.</msg>
<msg timestamp="20230204 18:56:32.814" level="INFO">xpath criteria: (//XCUIElementTypeLink[@name="Serviços digitais"])[1]</msg>
<status status="PASS" starttime="20230204 18:56:31.176" endtime="20230204 18:56:32.815"/>
</kw>
<status status="PASS" starttime="20230204 18:56:31.176" endtime="20230204 18:56:32.816"/>
</kw>
<status status="PASS" starttime="20230204 18:56:30.519" endtime="20230204 18:56:32.817"/>
</kw>
<kw name="ENTAO os servicos digitais aparecem em tela" library="kws">
<kw name="Verificando tela de serviços digitais" library="ServicosdigitaisPage">
<kw name="Wait Until Element Is Visible" library="AppiumLibrary">
<arg>${Element_InclusoNaAssinDoPlano}</arg>
<arg>15</arg>
<doc>Waits until element specified with `locator` is visible.</doc>
<status status="PASS" starttime="20230204 18:56:32.822" endtime="20230204 18:56:39.745"/>
</kw>
<status status="PASS" starttime="20230204 18:56:32.819" endtime="20230204 18:56:39.748"/>
</kw>
<status status="PASS" starttime="20230204 18:56:32.818" endtime="20230204 18:56:39.749"/>
</kw>
<status status="PASS" starttime="20230204 18:56:28.908" endtime="20230204 18:56:39.749"/>
</test>
<kw name="Fechando Aplicativo Vivo" library="hooks" type="TEARDOWN">
<kw name="Close All Applications" library="AppiumLibrary">
<doc>Closes all open applications.</doc>
<status status="PASS" starttime="20230204 18:56:39.753" endtime="20230204 18:56:40.824"/>
</kw>
<status status="PASS" starttime="20230204 18:56:39.752" endtime="20230204 18:56:40.824"/>
</kw>
<status status="PASS" starttime="20230204 18:56:10.025" endtime="20230204 18:56:40.824"/>
</suite>
<statistics>
<total>
<stat pass="2" fail="0" skip="0">All Tests</stat>
</total>
<tag>
</tag>
<suite>
<stat pass="2" fail="0" skip="0" id="s1" name="Plano">Plano</stat>
</suite>
</statistics>
<errors>
</errors>
</robot>
